# JRE version: Java(TM) SE Runtime Environment (8.0_66-b17) (build 1.8.0_66-b17)
# Java VM: Java HotSpot(TM) 64-Bit Server VM (25.66-b17 mixed mode windows-amd64 compressed oops)
Heap:
 PSYoungGen      total 134656K, used 103923K [0x00000000d5800000, 0x00000000e3900000, 0x0000000100000000)
  eden space 89600K, 66% used [0x00000000d5800000,0x00000000d91d2798,0x00000000daf80000)
  from space 45056K, 99% used [0x00000000e0d00000,0x00000000e38aa580,0x00000000e3900000)
  to   space 59392K, 0% used [0x00000000dc500000,0x00000000dc500000,0x00000000dff00000)
 ParOldGen       total 172032K, used 70574K [0x0000000080800000, 0x000000008b000000, 0x00000000d5800000)
  object space 172032K, 41% used [0x0000000080800000,0x0000000084ceb978,0x000000008b000000)
 Metaspace       used 21038K, capacity 21340K, committed 21632K, reserved 1069056K
  class space    used 2554K, capacity 2652K, committed 2688K, reserved 1048576K
GC Heap History (10 events):
Event: 184.056 GC heap before
{Heap before GC invocations=4 (full 0):
 PSYoungGen      total 38400K, used 38375K [0x00000000d5800000, 0x00000000da300000, 0x0000000100000000)
  eden space 33280K, 100% used [0x00000000d5800000,0x00000000d7880000,0x00000000d7880000)
  from space 5120K, 99% used [0x00000000d7880000,0x00000000d7d79ca0,0x00000000d7d80000)
  to   space 5120K, 0% used [0x00000000d9e00000,0x00000000d9e00000,0x00000000da300000)
 ParOldGen       total 87552K, used 41957K [0x0000000080800000, 0x0000000085d80000, 0x00000000d5800000)
  object space 87552K, 47% used [0x0000000080800000,0x00000000830f95b8,0x0000000085d80000)
 Metaspace       used 18591K, capacity 18846K, committed 19328K, reserved 1067008K
  class space    used 2257K, capacity 2323K, committed 2432K, reserved 1048576K
Event: 184.090 GC heap after
Heap after GC invocations=4 (full 0):
 PSYoungGen      total 71680K, used 5111K [0x00000000d5800000, 0x00000000da300000, 0x0000000100000000)
  eden space 66560K, 0% used [0x00000000d5800000,0x00000000d5800000,0x00000000d9900000)
  from space 5120K, 99% used [0x00000000d9e00000,0x00000000da2fdcc0,0x00000000da300000)
  to   space 5120K, 0% used [0x00000000d9900000,0x00000000d9900000,0x00000000d9e00000)
 ParOldGen       total 87552K, used 73375K [0x0000000080800000, 0x0000000085d80000, 0x00000000d5800000)
  object space 87552K, 83% used [0x0000000080800000,0x0000000084fa7cd8,0x0000000085d80000)
 Metaspace       used 18591K, capacity 18846K, committed 19328K, reserved 1067008K
  class space    used 2257K, capacity 2323K, committed 2432K, reserved 1048576K
}
Event: 184.090 GC heap before
{Heap before GC invocations=5 (full 1):
 PSYoungGen      total 71680K, used 5111K [0x00000000d5800000, 0x00000000da300000, 0x0000000100000000)
  eden space 66560K, 0% used [0x00000000d5800000,0x00000000d5800000,0x00000000d9900000)
  from space 5120K, 99% used [0x00000000d9e00000,0x00000000da2fdcc0,0x00000000da300000)
  to   space 5120K, 0% used [0x00000000d9900000,0x00000000d9900000,0x00000000d9e00000)
 ParOldGen       total 87552K, used 73375K [0x0000000080800000, 0x0000000085d80000, 0x00000000d5800000)
  object space 87552K, 83% used [0x0000000080800000,0x0000000084fa7cd8,0x0000000085d80000)
 Metaspace       used 18591K, capacity 18846K, committed 19328K, reserved 1067008K
  class space    used 2257K, capacity 2323K, committed 2432K, reserved 1048576K
Event: 184.197 GC heap after
Heap after GC invocations=5 (full 1):
 PSYoungGen      total 71680K, used 0K [0x00000000d5800000, 0x00000000da300000, 0x0000000100000000)
  eden space 66560K, 0% used [0x00000000d5800000,0x00000000d5800000,0x00000000d9900000)
  from space 5120K, 0% used [0x00000000d9e00000,0x00000000d9e00000,0x00000000da300000)
  to   space 5120K, 0% used [0x00000000d9900000,0x00000000d9900000,0x00000000d9e00000)
 ParOldGen       total 102912K, used 32760K [0x0000000080800000, 0x0000000086c80000, 0x00000000d5800000)
  object space 102912K, 31% used [0x0000000080800000,0x00000000827fe308,0x0000000086c80000)
 Metaspace       used 18591K, capacity 18846K, committed 19328K, reserved 1067008K
  class space    used 2257K, capacity 2323K, committed 2432K, reserved 1048576K
}
Event: 184.614 GC heap before
{Heap before GC invocations=6 (full 1):
 PSYoungGen      total 71680K, used 66560K [0x00000000d5800000, 0x00000000da300000, 0x0000000100000000)
  eden space 66560K, 100% used [0x00000000d5800000,0x00000000d9900000,0x00000000d9900000)
  from space 5120K, 0% used [0x00000000d9e00000,0x00000000d9e00000,0x00000000da300000)
  to   space 5120K, 0% used [0x00000000d9900000,0x00000000d9900000,0x00000000d9e00000)
 ParOldGen       total 102912K, used 32760K [0x0000000080800000, 0x0000000086c80000, 0x00000000d5800000)
  object space 102912K, 31% used [0x0000000080800000,0x00000000827fe308,0x0000000086c80000)
 Metaspace       used 20582K, capacity 20878K, committed 21120K, reserved 1067008K
  class space    used 2503K, capacity 2587K, committed 2688K, reserved 1048576K
Event: 184.651 GC heap after
Heap after GC invocations=6 (full 1):
 PSYoungGen      total 71680K, used 5088K [0x00000000d5800000, 0x00000000e4080000, 0x0000000100000000)
  eden space 66560K, 0% used [0x00000000d5800000,0x00000000d5800000,0x00000000d9900000)
  from space 5120K, 99% used [0x00000000d9900000,0x00000000d9df8050,0x00000000d9e00000)
  to   space 52736K, 0% used [0x00000000e0d00000,0x00000000e0d00000,0x00000000e4080000)
 ParOldGen       total 102912K, used 68217K [0x0000000080800000, 0x0000000086c80000, 0x00000000d5800000)
  object space 102912K, 66% used [0x0000000080800000,0x0000000084a9e588,0x0000000086c80000)
 Metaspace       used 20582K, capacity 20878K, committed 21120K, reserved 1067008K
  class space    used 2503K, capacity 2587K, committed 2688K, reserved 1048576K
}
Event: 184.651 GC heap before
{Heap before GC invocations=7 (full 2):
 PSYoungGen      total 71680K, used 5088K [0x00000000d5800000, 0x00000000e4080000, 0x0000000100000000)
  eden space 66560K, 0% used [0x00000000d5800000,0x00000000d5800000,0x00000000d9900000)
  from space 5120K, 99% used [0x00000000d9900000,0x00000000d9df8050,0x00000000d9e00000)
  to   space 52736K, 0% used [0x00000000e0d00000,0x00000000e0d00000,0x00000000e4080000)
 ParOldGen       total 102912K, used 68217K [0x0000000080800000, 0x0000000086c80000, 0x00000000d5800000)
  object space 102912K, 66% used [0x0000000080800000,0x0000000084a9e588,0x0000000086c80000)
 Metaspace       used 20582K, capacity 20878K, committed 21120K, reserved 1067008K
  class space    used 2503K, capacity 2587K, committed 2688K, reserved 1048576K
Event: 184.822 GC heap after
Heap after GC invocations=7 (full 2):
 PSYoungGen      total 71680K, used 0K [0x00000000d5800000, 0x00000000e4080000, 0x0000000100000000)
  eden space 66560K, 0% used [0x00000000d5800000,0x00000000d5800000,0x00000000d9900000)
  from space 5120K, 0% used [0x00000000d9900000,0x00000000d9900000,0x00000000d9e00000)
  to   space 52736K, 0% used [0x00000000e0d00000,0x00000000e0d00000,0x00000000e4080000)
 ParOldGen       total 172032K, used 70566K [0x0000000080800000, 0x000000008b000000, 0x00000000d5800000)
  object space 172032K, 41% used [0x0000000080800000,0x0000000084ce9978,0x000000008b000000)
 Metaspace       used 20582K, capacity 20878K, committed 21120K, reserved 1067008K
  class space    used 2503K, capacity 2587K, committed 2688K, reserved 1048576K
}
Event: 185.048 GC heap before
{Heap before GC invocations=8 (full 2):
 PSYoungGen      total 71680K, used 66560K [0x00000000d5800000, 0x00000000e4080000, 0x0000000100000000)
  eden space 66560K, 100% used [0x00000000d5800000,0x00000000d9900000,0x00000000d9900000)
  from space 5120K, 0% used [0x00000000d9900000,0x00000000d9900000,0x00000000d9e00000)
  to   space 52736K, 0% used [0x00000000e0d00000,0x00000000e0d00000,0x00000000e4080000)
 ParOldGen       total 172032K, used 70566K [0x0000000080800000, 0x000000008b000000, 0x00000000d5800000)
  object space 172032K, 41% used [0x0000000080800000,0x0000000084ce9978,0x000000008b000000)
 Metaspace       used 20672K, capacity 21006K, committed 21376K, reserved 1069056K
  class space    used 2503K, capacity 2587K, committed 2688K, reserved 1048576K
Event: 185.082 GC heap after
Heap after GC invocations=8 (full 2):
 PSYoungGen      total 134656K, used 44713K [0x00000000d5800000, 0x00000000e3900000, 0x0000000100000000)
  eden space 89600K, 0% used [0x00000000d5800000,0x00000000d5800000,0x00000000daf80000)
  from space 45056K, 99% used [0x00000000e0d00000,0x00000000e38aa580,0x00000000e3900000)
  to   space 59392K, 0% used [0x00000000dc500000,0x00000000dc500000,0x00000000dff00000)
 ParOldGen       total 172032K, used 70574K [0x0000000080800000, 0x000000008b000000, 0x00000000d5800000)
  object space 172032K, 41% used [0x0000000080800000,0x0000000084ceb978,0x000000008b000000)
 Metaspace       used 20672K, capacity 21006K, committed 21376K, reserved 1069056K
  class space    used 2503K, capacity 2587K, committed 2688K, reserved 1048576K
}

